03/01/2017 12:57:12 PM Start training
03/01/2017 12:57:15 PM Dataset created - images list and labels list
03/01/2017 12:57:15 PM Now split images and labels in Training and Test set...
03/01/2017 12:57:16 PM Epoch 0
03/01/2017 12:57:46 PM Training Accuracy = 0.01562
03/01/2017 12:57:46 PM Training Loss = 3724004352.000000
03/01/2017 12:58:14 PM Training Accuracy = 0.00000
03/01/2017 12:58:14 PM Training Loss = 2057899606016.000000
03/01/2017 12:58:43 PM Training Accuracy = 0.00000
03/01/2017 12:58:43 PM Training Loss = 156163520.000000
03/01/2017 12:59:12 PM Training Accuracy = 0.00000
03/01/2017 12:59:12 PM Training Loss = 91017056.000000
03/01/2017 12:59:40 PM Training Accuracy = 0.00000
03/01/2017 12:59:40 PM Training Loss = 102673872.000000
03/01/2017 01:00:09 PM Training Accuracy = 0.00000
03/01/2017 01:00:09 PM Training Loss = 119947280.000000
03/01/2017 01:00:38 PM Training Accuracy = 0.00000
03/01/2017 01:00:38 PM Training Loss = 218050256.000000
03/01/2017 01:01:06 PM Training Accuracy = 0.00000
03/01/2017 01:01:06 PM Training Loss = 217807952.000000
03/01/2017 01:01:35 PM Training Accuracy = 0.00000
03/01/2017 01:01:35 PM Training Loss = 86913856.000000
03/01/2017 01:02:03 PM Training Accuracy = 0.00000
03/01/2017 01:02:03 PM Training Loss = 39773264.000000
03/01/2017 01:02:32 PM Training Accuracy = 0.00000
03/01/2017 01:02:32 PM Training Loss = 16207552.000000
03/01/2017 01:03:00 PM Training Accuracy = 0.00000
03/01/2017 01:03:00 PM Training Loss = 6634989.500000
03/01/2017 01:03:28 PM Training Accuracy = 0.00000
03/01/2017 01:03:28 PM Training Loss = 17843954.000000
03/01/2017 01:03:57 PM Training Accuracy = 0.00000
03/01/2017 01:03:57 PM Training Loss = 9250494.000000
03/01/2017 01:04:25 PM Training Accuracy = 0.00000
03/01/2017 01:04:25 PM Training Loss = 6173979.000000
03/01/2017 01:04:43 PM Training Accuracy = 0.00000
03/01/2017 01:04:43 PM Training Loss = 4230393.500000
03/01/2017 01:04:43 PM Epoch 1
03/01/2017 01:05:11 PM Training Accuracy = 0.00000
03/01/2017 01:05:11 PM Training Loss = 4859349.000000
03/01/2017 01:05:39 PM Training Accuracy = 0.00000
03/01/2017 01:05:39 PM Training Loss = 2987179.000000
03/01/2017 01:06:08 PM Training Accuracy = 0.00000
03/01/2017 01:06:08 PM Training Loss = 1081351.375000
03/01/2017 01:06:36 PM Training Accuracy = 0.00000
03/01/2017 01:06:36 PM Training Loss = 729074.062500
03/01/2017 01:07:04 PM Training Accuracy = 0.00000
03/01/2017 01:07:04 PM Training Loss = 571349.500000
03/01/2017 01:07:33 PM Training Accuracy = 0.00000
03/01/2017 01:07:33 PM Training Loss = 287070.312500
03/01/2017 01:08:01 PM Training Accuracy = 0.00000
03/01/2017 01:08:01 PM Training Loss = 176327.953125
03/01/2017 01:08:30 PM Training Accuracy = 0.00000
03/01/2017 01:08:30 PM Training Loss = 93281.421875
03/01/2017 01:08:58 PM Training Accuracy = 0.00000
03/01/2017 01:08:58 PM Training Loss = 92077.070312
03/01/2017 01:09:26 PM Training Accuracy = 0.00000
03/01/2017 01:09:26 PM Training Loss = 100359.492188
03/01/2017 01:09:55 PM Training Accuracy = 0.03125
03/01/2017 01:09:55 PM Training Loss = 81230.703125
03/01/2017 01:10:23 PM Training Accuracy = 0.01562
03/01/2017 01:10:23 PM Training Loss = 92889.523438
03/01/2017 01:10:51 PM Training Accuracy = 0.00000
03/01/2017 01:10:51 PM Training Loss = 57910.242188
03/01/2017 01:11:20 PM Training Accuracy = 0.00000
03/01/2017 01:11:20 PM Training Loss = 39446.625000
03/01/2017 01:11:48 PM Training Accuracy = 0.00000
03/01/2017 01:11:48 PM Training Loss = 29771.765625
03/01/2017 01:12:06 PM Training Accuracy = 0.02500
03/01/2017 01:12:06 PM Training Loss = 24168.707031
03/01/2017 01:12:06 PM Epoch 2
03/01/2017 01:12:34 PM Training Accuracy = 0.00000
03/01/2017 01:12:34 PM Training Loss = 49964.164062
03/01/2017 01:13:02 PM Training Accuracy = 0.01562
03/01/2017 01:13:02 PM Training Loss = 31299.291016
03/01/2017 01:13:31 PM Training Accuracy = 0.01562
03/01/2017 01:13:31 PM Training Loss = 24867.066406
03/01/2017 01:13:59 PM Training Accuracy = 0.00000
03/01/2017 01:13:59 PM Training Loss = 29132.480469
03/01/2017 01:14:27 PM Training Accuracy = 0.00000
03/01/2017 01:14:27 PM Training Loss = 20826.363281
03/01/2017 01:14:56 PM Training Accuracy = 0.00000
03/01/2017 01:14:56 PM Training Loss = 12044.402344
03/01/2017 01:15:24 PM Training Accuracy = 0.00000
03/01/2017 01:15:24 PM Training Loss = 7435.811523
03/01/2017 01:15:52 PM Training Accuracy = 0.00000
03/01/2017 01:15:52 PM Training Loss = 9191.558594
03/01/2017 01:16:21 PM Training Accuracy = 0.00000
03/01/2017 01:16:21 PM Training Loss = 4514.196289
03/01/2017 01:16:49 PM Training Accuracy = 0.00000
03/01/2017 01:16:49 PM Training Loss = 6456.235352
03/01/2017 01:17:17 PM Training Accuracy = 0.01562
03/01/2017 01:17:17 PM Training Loss = 6373.066406
03/01/2017 01:17:46 PM Training Accuracy = 0.00000
03/01/2017 01:17:46 PM Training Loss = 4344.338867
03/01/2017 01:18:14 PM Training Accuracy = 0.00000
03/01/2017 01:18:14 PM Training Loss = 3394.797852
03/01/2017 01:18:42 PM Training Accuracy = 0.01562
03/01/2017 01:18:42 PM Training Loss = 2695.803223
03/01/2017 01:19:11 PM Training Accuracy = 0.01562
03/01/2017 01:19:11 PM Training Loss = 2328.365967
03/01/2017 01:19:28 PM Training Accuracy = 0.00000
03/01/2017 01:19:28 PM Training Loss = 2505.870605
03/01/2017 01:19:28 PM Epoch 3
03/01/2017 01:19:57 PM Training Accuracy = 0.03125
03/01/2017 01:19:57 PM Training Loss = 4666.021484
03/01/2017 01:20:25 PM Training Accuracy = 0.00000
03/01/2017 01:20:25 PM Training Loss = 2726.585938
03/01/2017 01:20:53 PM Training Accuracy = 0.04688
03/01/2017 01:20:53 PM Training Loss = 1625.276611
03/01/2017 01:21:21 PM Training Accuracy = 0.01562
03/01/2017 01:21:21 PM Training Loss = 1744.521729
03/01/2017 01:21:50 PM Training Accuracy = 0.01562
03/01/2017 01:21:50 PM Training Loss = 2481.240967
03/01/2017 01:22:18 PM Training Accuracy = 0.01562
03/01/2017 01:22:18 PM Training Loss = 2093.381104
03/01/2017 01:22:46 PM Training Accuracy = 0.00000
03/01/2017 01:22:46 PM Training Loss = 2157.149414
03/01/2017 01:23:15 PM Training Accuracy = 0.01562
03/01/2017 01:23:15 PM Training Loss = 2523.703369
03/01/2017 01:23:43 PM Training Accuracy = 0.00000
03/01/2017 01:23:43 PM Training Loss = 2612.767090
03/01/2017 01:24:11 PM Training Accuracy = 0.00000
03/01/2017 01:24:11 PM Training Loss = 1248.223633
03/01/2017 01:24:40 PM Training Accuracy = 0.00000
03/01/2017 01:24:40 PM Training Loss = 1169.610352
03/01/2017 01:25:08 PM Training Accuracy = 0.00000
03/01/2017 01:25:08 PM Training Loss = 925.853760
03/01/2017 01:25:36 PM Training Accuracy = 0.01562
03/01/2017 01:25:36 PM Training Loss = 1024.718506
03/01/2017 01:26:05 PM Training Accuracy = 0.00000
03/01/2017 01:26:05 PM Training Loss = 994.007080
03/01/2017 01:26:33 PM Training Accuracy = 0.00000
03/01/2017 01:26:33 PM Training Loss = 930.528625
03/01/2017 01:26:51 PM Training Accuracy = 0.02500
03/01/2017 01:26:51 PM Training Loss = 766.032104
03/01/2017 01:26:51 PM Epoch 4
03/01/2017 01:27:19 PM Training Accuracy = 0.01562
03/01/2017 01:27:19 PM Training Loss = 1125.262451
03/01/2017 01:27:47 PM Training Accuracy = 0.00000
03/01/2017 01:27:47 PM Training Loss = 991.612671
03/01/2017 01:28:16 PM Training Accuracy = 0.00000
03/01/2017 01:28:16 PM Training Loss = 705.247803
03/01/2017 01:28:44 PM Training Accuracy = 0.00000
03/01/2017 01:28:44 PM Training Loss = 771.702209
03/01/2017 01:29:12 PM Training Accuracy = 0.01562
03/01/2017 01:29:12 PM Training Loss = 593.031250
03/01/2017 01:29:40 PM Training Accuracy = 0.01562
03/01/2017 01:29:40 PM Training Loss = 540.575073
03/01/2017 01:30:09 PM Training Accuracy = 0.00000
03/01/2017 01:30:09 PM Training Loss = 576.246460
03/01/2017 01:30:37 PM Training Accuracy = 0.00000
03/01/2017 01:30:37 PM Training Loss = 559.947754
03/01/2017 01:31:05 PM Training Accuracy = 0.00000
03/01/2017 01:31:05 PM Training Loss = 471.570068
03/01/2017 01:31:33 PM Training Accuracy = 0.00000
03/01/2017 01:31:33 PM Training Loss = 409.230408
03/01/2017 01:32:02 PM Training Accuracy = 0.00000
03/01/2017 01:32:02 PM Training Loss = 420.073425
03/01/2017 01:32:30 PM Training Accuracy = 0.00000
03/01/2017 01:32:30 PM Training Loss = 342.866821
03/01/2017 01:32:58 PM Training Accuracy = 0.01562
03/01/2017 01:32:58 PM Training Loss = 355.116180
03/01/2017 01:33:27 PM Training Accuracy = 0.03125
03/01/2017 01:33:27 PM Training Loss = 269.143097
03/01/2017 01:33:55 PM Training Accuracy = 0.00000
03/01/2017 01:33:55 PM Training Loss = 313.366638
03/01/2017 01:34:13 PM Training Accuracy = 0.00000
03/01/2017 01:34:13 PM Training Loss = 297.610291
03/01/2017 01:34:13 PM Epoch 5
03/01/2017 01:34:41 PM Training Accuracy = 0.00000
03/01/2017 01:34:41 PM Training Loss = 318.604950
03/01/2017 01:35:10 PM Training Accuracy = 0.00000
03/01/2017 01:35:10 PM Training Loss = 252.063797
03/01/2017 01:35:38 PM Training Accuracy = 0.00000
03/01/2017 01:35:38 PM Training Loss = 259.429352
03/01/2017 01:36:06 PM Training Accuracy = 0.01562
03/01/2017 01:36:06 PM Training Loss = 178.832031
03/01/2017 01:36:35 PM Training Accuracy = 0.00000
03/01/2017 01:36:35 PM Training Loss = 223.303680
03/01/2017 01:37:03 PM Training Accuracy = 0.03125
03/01/2017 01:37:03 PM Training Loss = 181.130188
03/01/2017 01:37:32 PM Training Accuracy = 0.00000
03/01/2017 01:37:32 PM Training Loss = 212.824707
03/01/2017 01:38:00 PM Training Accuracy = 0.00000
03/01/2017 01:38:00 PM Training Loss = 193.486679
03/01/2017 01:38:29 PM Training Accuracy = 0.01562
03/01/2017 01:38:29 PM Training Loss = 140.652313
03/01/2017 01:38:57 PM Training Accuracy = 0.00000
03/01/2017 01:38:57 PM Training Loss = 144.895050
03/01/2017 01:39:25 PM Training Accuracy = 0.01562
03/01/2017 01:39:25 PM Training Loss = 122.345146
03/01/2017 01:39:53 PM Training Accuracy = 0.03125
03/01/2017 01:39:53 PM Training Loss = 129.310089
03/01/2017 01:40:22 PM Training Accuracy = 0.03125
03/01/2017 01:40:22 PM Training Loss = 128.793091
03/01/2017 01:40:50 PM Training Accuracy = 0.00000
03/01/2017 01:40:50 PM Training Loss = 134.817902
03/01/2017 01:41:18 PM Training Accuracy = 0.00000
03/01/2017 01:41:18 PM Training Loss = 123.029655
03/01/2017 01:41:36 PM Training Accuracy = 0.02500
03/01/2017 01:41:36 PM Training Loss = 105.337479
03/01/2017 01:41:36 PM Epoch 6
03/01/2017 01:42:04 PM Training Accuracy = 0.00000
03/01/2017 01:42:04 PM Training Loss = 137.056946
03/01/2017 01:42:33 PM Training Accuracy = 0.01562
03/01/2017 01:42:33 PM Training Loss = 92.310944
03/01/2017 01:43:01 PM Training Accuracy = 0.00000
03/01/2017 01:43:01 PM Training Loss = 110.973793
03/01/2017 01:43:29 PM Training Accuracy = 0.01562
03/01/2017 01:43:29 PM Training Loss = 120.412704
03/01/2017 01:43:58 PM Training Accuracy = 0.00000
03/01/2017 01:43:58 PM Training Loss = 104.743652
03/01/2017 01:44:26 PM Training Accuracy = 0.01562
03/01/2017 01:44:26 PM Training Loss = 95.850586
03/01/2017 01:44:54 PM Training Accuracy = 0.03125
03/01/2017 01:44:54 PM Training Loss = 91.534439
03/01/2017 01:45:22 PM Training Accuracy = 0.03125
03/01/2017 01:45:22 PM Training Loss = 98.664818
03/01/2017 01:45:51 PM Training Accuracy = 0.01562
03/01/2017 01:45:51 PM Training Loss = 86.609726
03/01/2017 01:46:19 PM Training Accuracy = 0.01562
03/01/2017 01:46:19 PM Training Loss = 84.527107
03/01/2017 01:46:47 PM Training Accuracy = 0.00000
03/01/2017 01:46:47 PM Training Loss = 111.293121
03/01/2017 01:47:16 PM Training Accuracy = 0.03125
03/01/2017 01:47:16 PM Training Loss = 65.816071
03/01/2017 01:47:44 PM Training Accuracy = 0.00000
03/01/2017 01:47:44 PM Training Loss = 74.409630
03/01/2017 01:48:12 PM Training Accuracy = 0.00000
03/01/2017 01:48:12 PM Training Loss = 76.862564
03/01/2017 01:48:40 PM Training Accuracy = 0.01562
03/01/2017 01:48:40 PM Training Loss = 53.151768
03/01/2017 01:48:58 PM Training Accuracy = 0.00000
03/01/2017 01:48:58 PM Training Loss = 80.955292
03/01/2017 01:48:58 PM Epoch 7
03/01/2017 01:49:26 PM Training Accuracy = 0.03125
03/01/2017 01:49:26 PM Training Loss = 89.577515
03/01/2017 01:49:55 PM Training Accuracy = 0.01562
03/01/2017 01:49:55 PM Training Loss = 46.714455
03/01/2017 01:50:23 PM Training Accuracy = 0.00000
03/01/2017 01:50:23 PM Training Loss = 52.466820
03/01/2017 01:50:51 PM Training Accuracy = 0.00000
03/01/2017 01:50:51 PM Training Loss = 57.419899
03/01/2017 01:51:20 PM Training Accuracy = 0.00000
03/01/2017 01:51:20 PM Training Loss = 80.711975
03/01/2017 01:51:48 PM Training Accuracy = 0.01562
03/01/2017 01:51:48 PM Training Loss = 64.902756
03/01/2017 01:52:17 PM Training Accuracy = 0.03125
03/01/2017 01:52:17 PM Training Loss = 67.088249
03/01/2017 01:52:45 PM Training Accuracy = 0.00000
03/01/2017 01:52:45 PM Training Loss = 51.668968
03/01/2017 01:53:14 PM Training Accuracy = 0.00000
03/01/2017 01:53:14 PM Training Loss = 53.882771
03/01/2017 01:53:42 PM Training Accuracy = 0.00000
03/01/2017 01:53:42 PM Training Loss = 47.990204
03/01/2017 01:54:11 PM Training Accuracy = 0.06250
03/01/2017 01:54:11 PM Training Loss = 51.362015
03/01/2017 01:54:39 PM Training Accuracy = 0.00000
03/01/2017 01:54:39 PM Training Loss = 68.659164
03/01/2017 01:55:08 PM Training Accuracy = 0.01562
03/01/2017 01:55:08 PM Training Loss = 34.502800
03/01/2017 01:55:36 PM Training Accuracy = 0.00000
03/01/2017 01:55:36 PM Training Loss = 47.480087
03/01/2017 01:56:05 PM Training Accuracy = 0.00000
03/01/2017 01:56:05 PM Training Loss = 36.027306
03/01/2017 01:56:23 PM Training Accuracy = 0.00000
03/01/2017 01:56:23 PM Training Loss = 43.547096
03/01/2017 01:56:23 PM Epoch 8
03/01/2017 01:56:51 PM Training Accuracy = 0.00000
03/01/2017 01:56:51 PM Training Loss = 54.628178
03/01/2017 01:57:20 PM Training Accuracy = 0.00000
03/01/2017 01:57:20 PM Training Loss = 37.535133
03/01/2017 01:57:48 PM Training Accuracy = 0.00000
03/01/2017 01:57:48 PM Training Loss = 36.773739
03/01/2017 01:58:17 PM Training Accuracy = 0.00000
03/01/2017 01:58:17 PM Training Loss = 35.620098
03/01/2017 01:58:45 PM Training Accuracy = 0.00000
03/01/2017 01:58:45 PM Training Loss = 40.195267
03/01/2017 01:59:13 PM Training Accuracy = 0.00000
03/01/2017 01:59:13 PM Training Loss = 39.201962
03/01/2017 01:59:42 PM Training Accuracy = 0.00000
03/01/2017 01:59:42 PM Training Loss = 30.031466
03/01/2017 02:00:10 PM Training Accuracy = 0.00000
03/01/2017 02:00:10 PM Training Loss = 37.040558
03/01/2017 02:00:39 PM Training Accuracy = 0.00000
03/01/2017 02:00:39 PM Training Loss = 33.258598
03/01/2017 02:01:07 PM Training Accuracy = 0.00000
03/01/2017 02:01:07 PM Training Loss = 31.256538
03/01/2017 02:01:36 PM Training Accuracy = 0.14062
03/01/2017 02:01:36 PM Training Loss = 34.635361
03/01/2017 02:02:04 PM Training Accuracy = 0.01562
03/01/2017 02:02:04 PM Training Loss = 24.842651
03/01/2017 02:02:33 PM Training Accuracy = 0.00000
03/01/2017 02:02:33 PM Training Loss = 25.772858
03/01/2017 02:03:01 PM Training Accuracy = 0.00000
03/01/2017 02:03:01 PM Training Loss = 36.015060
03/01/2017 02:03:30 PM Training Accuracy = 0.01562
03/01/2017 02:03:30 PM Training Loss = 36.239769
03/01/2017 02:03:48 PM Training Accuracy = 0.00000
03/01/2017 02:03:48 PM Training Loss = 26.076685
03/01/2017 02:03:48 PM Epoch 9
03/01/2017 02:04:16 PM Training Accuracy = 0.01562
03/01/2017 02:04:16 PM Training Loss = 32.437767
03/01/2017 02:04:45 PM Training Accuracy = 0.00000
03/01/2017 02:04:45 PM Training Loss = 42.136055
03/01/2017 02:05:13 PM Training Accuracy = 0.00000
03/01/2017 02:05:13 PM Training Loss = 43.308113
03/01/2017 02:05:41 PM Training Accuracy = 0.00000
03/01/2017 02:05:41 PM Training Loss = 40.632824
03/01/2017 02:06:10 PM Training Accuracy = 0.00000
03/01/2017 02:06:10 PM Training Loss = 29.506603
03/01/2017 02:06:38 PM Training Accuracy = 0.00000
03/01/2017 02:06:38 PM Training Loss = 23.427753
03/01/2017 02:07:07 PM Training Accuracy = 0.00000
03/01/2017 02:07:07 PM Training Loss = 16.545401
03/01/2017 02:07:35 PM Training Accuracy = 0.00000
03/01/2017 02:07:35 PM Training Loss = 18.309618
03/01/2017 02:08:04 PM Training Accuracy = 0.01562
03/01/2017 02:08:04 PM Training Loss = 24.036823
03/01/2017 02:08:32 PM Training Accuracy = 0.00000
03/01/2017 02:08:32 PM Training Loss = 25.516903
03/01/2017 02:09:01 PM Training Accuracy = 0.07812
03/01/2017 02:09:01 PM Training Loss = 34.988365
03/01/2017 02:09:29 PM Training Accuracy = 0.01562
03/01/2017 02:09:29 PM Training Loss = 31.512077
03/01/2017 02:09:58 PM Training Accuracy = 0.00000
03/01/2017 02:09:58 PM Training Loss = 25.832130
03/01/2017 02:10:26 PM Training Accuracy = 0.00000
03/01/2017 02:10:26 PM Training Loss = 26.702366
03/01/2017 02:10:55 PM Training Accuracy = 0.01562
03/01/2017 02:10:55 PM Training Loss = 33.081276
03/01/2017 02:11:13 PM Training Accuracy = 0.00000
03/01/2017 02:11:13 PM Training Loss = 19.076797
03/01/2017 02:11:13 PM Epoch 10
03/01/2017 02:11:41 PM Training Accuracy = 0.00000
03/01/2017 02:11:41 PM Training Loss = 28.210062
03/01/2017 02:12:10 PM Training Accuracy = 0.00000
03/01/2017 02:12:10 PM Training Loss = 14.974833
03/01/2017 02:12:38 PM Training Accuracy = 0.01562
03/01/2017 02:12:38 PM Training Loss = 25.440945
03/01/2017 02:13:07 PM Training Accuracy = 0.00000
03/01/2017 02:13:07 PM Training Loss = 31.676994
03/01/2017 02:13:35 PM Training Accuracy = 0.00000
03/01/2017 02:13:35 PM Training Loss = 18.100292
03/01/2017 02:14:04 PM Training Accuracy = 0.00000
03/01/2017 02:14:04 PM Training Loss = 13.490542
03/01/2017 02:14:32 PM Training Accuracy = 0.00000
03/01/2017 02:14:32 PM Training Loss = 25.403194
03/01/2017 02:15:01 PM Training Accuracy = 0.00000
03/01/2017 02:15:01 PM Training Loss = 25.960464
03/01/2017 02:15:29 PM Training Accuracy = 0.01562
03/01/2017 02:15:29 PM Training Loss = 21.601181
03/01/2017 02:15:58 PM Training Accuracy = 0.01562
03/01/2017 02:15:58 PM Training Loss = 24.106924
03/01/2017 02:16:26 PM Training Accuracy = 0.06250
03/01/2017 02:16:26 PM Training Loss = 29.127621
03/01/2017 02:16:55 PM Training Accuracy = 0.00000
03/01/2017 02:16:55 PM Training Loss = 18.253973
03/01/2017 02:17:23 PM Training Accuracy = 0.01562
03/01/2017 02:17:23 PM Training Loss = 17.171213
03/01/2017 02:17:51 PM Training Accuracy = 0.00000
03/01/2017 02:17:51 PM Training Loss = 20.157612
03/01/2017 02:18:20 PM Training Accuracy = 0.00000
03/01/2017 02:18:20 PM Training Loss = 22.069540
03/01/2017 02:18:38 PM Training Accuracy = 0.00000
03/01/2017 02:18:38 PM Training Loss = 19.427391
03/01/2017 02:18:38 PM Epoch 11
03/01/2017 02:19:06 PM Training Accuracy = 0.00000
03/01/2017 02:19:06 PM Training Loss = 15.783899
03/01/2017 02:19:35 PM Training Accuracy = 0.00000
03/01/2017 02:19:35 PM Training Loss = 22.476631
03/01/2017 02:20:03 PM Training Accuracy = 0.00000
03/01/2017 02:20:03 PM Training Loss = 33.205906
03/01/2017 02:20:32 PM Training Accuracy = 0.00000
03/01/2017 02:20:32 PM Training Loss = 20.286551
03/01/2017 02:21:00 PM Training Accuracy = 0.00000
03/01/2017 02:21:00 PM Training Loss = 14.116664
03/01/2017 02:21:29 PM Training Accuracy = 0.01562
03/01/2017 02:21:29 PM Training Loss = 21.336128
03/01/2017 02:21:57 PM Training Accuracy = 0.00000
03/01/2017 02:21:57 PM Training Loss = 26.971012
03/01/2017 02:22:26 PM Training Accuracy = 0.01562
03/01/2017 02:22:26 PM Training Loss = 21.220951
03/01/2017 02:22:54 PM Training Accuracy = 0.00000
03/01/2017 02:22:54 PM Training Loss = 12.521173
03/01/2017 02:23:23 PM Training Accuracy = 0.00000
03/01/2017 02:23:23 PM Training Loss = 15.792919
03/01/2017 02:23:51 PM Training Accuracy = 0.15625
03/01/2017 02:23:51 PM Training Loss = 19.185467
03/01/2017 02:24:20 PM Training Accuracy = 0.01562
03/01/2017 02:24:20 PM Training Loss = 20.588884
03/01/2017 02:24:48 PM Training Accuracy = 0.00000
03/01/2017 02:24:48 PM Training Loss = 16.116859
03/01/2017 02:25:17 PM Training Accuracy = 0.01562
03/01/2017 02:25:17 PM Training Loss = 11.513044
03/01/2017 02:25:45 PM Training Accuracy = 0.00000
03/01/2017 02:25:45 PM Training Loss = 23.002617
03/01/2017 02:26:03 PM Training Accuracy = 0.00000
03/01/2017 02:26:03 PM Training Loss = 16.677944
03/01/2017 02:26:03 PM Epoch 12
03/01/2017 02:26:32 PM Training Accuracy = 0.00000
03/01/2017 02:26:32 PM Training Loss = 23.142515
03/01/2017 02:27:00 PM Training Accuracy = 0.00000
03/01/2017 02:27:00 PM Training Loss = 17.655607
03/01/2017 02:27:29 PM Training Accuracy = 0.00000
03/01/2017 02:27:29 PM Training Loss = 14.146482
03/01/2017 02:27:57 PM Training Accuracy = 0.00000
03/01/2017 02:27:57 PM Training Loss = 27.947939
03/01/2017 02:28:26 PM Training Accuracy = 0.01562
03/01/2017 02:28:26 PM Training Loss = 15.342093
03/01/2017 02:28:54 PM Training Accuracy = 0.00000
03/01/2017 02:28:54 PM Training Loss = 9.687603
03/01/2017 02:29:22 PM Training Accuracy = 0.00000
03/01/2017 02:29:22 PM Training Loss = 14.553541
03/01/2017 02:29:51 PM Training Accuracy = 0.00000
03/01/2017 02:29:51 PM Training Loss = 18.939377
03/01/2017 02:30:19 PM Training Accuracy = 0.00000
03/01/2017 02:30:19 PM Training Loss = 18.697725
03/01/2017 02:30:48 PM Training Accuracy = 0.00000
03/01/2017 02:30:48 PM Training Loss = 9.553402
03/01/2017 02:31:16 PM Training Accuracy = 0.14062
03/01/2017 02:31:16 PM Training Loss = 17.985811
03/01/2017 02:31:45 PM Training Accuracy = 0.00000
03/01/2017 02:31:45 PM Training Loss = 22.657969
03/01/2017 02:32:13 PM Training Accuracy = 0.00000
03/01/2017 02:32:13 PM Training Loss = 12.112949
03/01/2017 02:32:42 PM Training Accuracy = 0.00000
03/01/2017 02:32:42 PM Training Loss = 25.233746
03/01/2017 02:33:10 PM Training Accuracy = 0.00000
03/01/2017 02:33:10 PM Training Loss = 9.086182
03/01/2017 02:33:28 PM Training Accuracy = 0.00000
03/01/2017 02:33:28 PM Training Loss = 16.105799
03/01/2017 02:33:28 PM Epoch 13
03/01/2017 02:33:57 PM Training Accuracy = 0.00000
03/01/2017 02:33:57 PM Training Loss = 26.735418
03/01/2017 02:34:25 PM Training Accuracy = 0.00000
03/01/2017 02:34:25 PM Training Loss = 15.363856
03/01/2017 02:34:54 PM Training Accuracy = 0.00000
03/01/2017 02:34:54 PM Training Loss = 22.382334
03/01/2017 02:35:23 PM Training Accuracy = 0.00000
03/01/2017 02:35:23 PM Training Loss = 12.901012
03/01/2017 02:35:52 PM Training Accuracy = 0.00000
03/01/2017 02:35:52 PM Training Loss = 9.799838
03/01/2017 02:36:20 PM Training Accuracy = 0.00000
03/01/2017 02:36:20 PM Training Loss = 16.947681
03/01/2017 02:36:49 PM Training Accuracy = 0.00000
03/01/2017 02:36:49 PM Training Loss = 26.056461
03/01/2017 02:37:17 PM Training Accuracy = 0.00000
03/01/2017 02:37:17 PM Training Loss = 10.549598
03/01/2017 02:37:46 PM Training Accuracy = 0.00000
03/01/2017 02:37:46 PM Training Loss = 11.935658
03/01/2017 02:38:14 PM Training Accuracy = 0.00000
03/01/2017 02:38:14 PM Training Loss = 17.081402
03/01/2017 02:38:44 PM Training Accuracy = 0.17188
03/01/2017 02:38:44 PM Training Loss = 12.969658
03/01/2017 02:39:16 PM Training Accuracy = 0.00000
03/01/2017 02:39:16 PM Training Loss = 8.171426
03/01/2017 02:39:47 PM Training Accuracy = 0.00000
03/01/2017 02:39:47 PM Training Loss = 12.290642
03/01/2017 02:40:16 PM Training Accuracy = 0.01562
03/01/2017 02:40:16 PM Training Loss = 12.113104
03/01/2017 02:40:45 PM Training Accuracy = 0.00000
03/01/2017 02:40:45 PM Training Loss = 8.143044
03/01/2017 02:41:03 PM Training Accuracy = 0.00000
03/01/2017 02:41:03 PM Training Loss = 4.903984
03/01/2017 02:41:03 PM Epoch 14
03/01/2017 02:41:32 PM Training Accuracy = 0.00000
03/01/2017 02:41:32 PM Training Loss = 13.931739
03/01/2017 02:42:02 PM Training Accuracy = 0.00000
03/01/2017 02:42:02 PM Training Loss = 11.228252
03/01/2017 02:42:32 PM Training Accuracy = 0.00000
03/01/2017 02:42:32 PM Training Loss = 14.166218
03/01/2017 02:43:02 PM Training Accuracy = 0.00000
03/01/2017 02:43:02 PM Training Loss = 19.500469
03/01/2017 02:43:31 PM Training Accuracy = 0.00000
03/01/2017 02:43:31 PM Training Loss = 13.818274
03/01/2017 02:43:59 PM Training Accuracy = 0.00000
03/01/2017 02:43:59 PM Training Loss = 8.839767
03/01/2017 02:44:27 PM Training Accuracy = 0.00000
03/01/2017 02:44:27 PM Training Loss = 13.887525
03/01/2017 02:44:56 PM Training Accuracy = 0.00000
03/01/2017 02:44:56 PM Training Loss = 16.771925
03/01/2017 02:45:24 PM Training Accuracy = 0.00000
03/01/2017 02:45:24 PM Training Loss = 11.434288
03/01/2017 02:45:52 PM Training Accuracy = 0.00000
03/01/2017 02:45:52 PM Training Loss = 11.908419
03/01/2017 02:46:22 PM Training Accuracy = 0.14062
03/01/2017 02:46:22 PM Training Loss = 7.903102
03/01/2017 02:46:50 PM Training Accuracy = 0.00000
03/01/2017 02:46:50 PM Training Loss = 13.723597
03/01/2017 02:47:19 PM Training Accuracy = 0.00000
03/01/2017 02:47:19 PM Training Loss = 9.033409
03/01/2017 02:47:47 PM Training Accuracy = 0.00000
03/01/2017 02:47:47 PM Training Loss = 9.713784
03/01/2017 02:48:16 PM Training Accuracy = 0.00000
03/01/2017 02:48:16 PM Training Loss = 13.688754
03/01/2017 02:48:35 PM Training Accuracy = 0.00000
03/01/2017 02:48:35 PM Training Loss = 12.257519
03/01/2017 02:48:35 PM Epoch 15
03/01/2017 02:49:04 PM Training Accuracy = 0.00000
03/01/2017 02:49:04 PM Training Loss = 11.353487
03/01/2017 02:49:33 PM Training Accuracy = 0.00000
03/01/2017 02:49:33 PM Training Loss = 6.927300
03/01/2017 02:50:02 PM Training Accuracy = 0.00000
03/01/2017 02:50:02 PM Training Loss = 12.234749
03/01/2017 02:50:31 PM Training Accuracy = 0.00000
03/01/2017 02:50:31 PM Training Loss = 18.473873
03/01/2017 02:51:02 PM Training Accuracy = 0.00000
03/01/2017 02:51:02 PM Training Loss = 22.203278
03/01/2017 02:51:31 PM Training Accuracy = 0.00000
03/01/2017 02:51:31 PM Training Loss = 23.683971
03/01/2017 02:52:00 PM Training Accuracy = 0.00000
03/01/2017 02:52:00 PM Training Loss = 10.350756
03/01/2017 02:52:29 PM Training Accuracy = 0.00000
03/01/2017 02:52:29 PM Training Loss = 8.827072
03/01/2017 02:52:58 PM Training Accuracy = 0.00000
03/01/2017 02:52:58 PM Training Loss = 13.071293
03/01/2017 02:53:26 PM Training Accuracy = 0.00000
03/01/2017 02:53:26 PM Training Loss = 21.270260
03/01/2017 02:53:55 PM Training Accuracy = 0.12500
03/01/2017 02:53:55 PM Training Loss = 14.585851
03/01/2017 02:54:23 PM Training Accuracy = 0.01562
03/01/2017 02:54:23 PM Training Loss = 11.042689
03/01/2017 02:54:52 PM Training Accuracy = 0.01562
03/01/2017 02:54:52 PM Training Loss = 14.951744
03/01/2017 02:55:20 PM Training Accuracy = 0.00000
03/01/2017 02:55:20 PM Training Loss = 9.994495
03/01/2017 02:55:49 PM Training Accuracy = 0.00000
03/01/2017 02:55:49 PM Training Loss = 9.007283
03/01/2017 02:56:07 PM Training Accuracy = 0.02500
03/01/2017 02:56:07 PM Training Loss = 7.986277
03/01/2017 02:56:07 PM Epoch 16
03/01/2017 02:56:35 PM Training Accuracy = 0.01562
03/01/2017 02:56:35 PM Training Loss = 11.520890
03/01/2017 02:57:04 PM Training Accuracy = 0.00000
03/01/2017 02:57:04 PM Training Loss = 8.525911
03/01/2017 02:57:33 PM Training Accuracy = 0.00000
03/01/2017 02:57:33 PM Training Loss = 15.230694
03/01/2017 02:58:02 PM Training Accuracy = 0.00000
03/01/2017 02:58:02 PM Training Loss = 14.846998
03/01/2017 02:58:32 PM Training Accuracy = 0.00000
03/01/2017 02:58:32 PM Training Loss = 10.974164
03/01/2017 02:59:00 PM Training Accuracy = 0.00000
03/01/2017 02:59:00 PM Training Loss = 19.754650
03/01/2017 02:59:29 PM Training Accuracy = 0.00000
03/01/2017 02:59:29 PM Training Loss = 11.184795
03/01/2017 02:59:58 PM Training Accuracy = 0.00000
03/01/2017 02:59:58 PM Training Loss = 20.384689
03/01/2017 03:00:26 PM Training Accuracy = 0.00000
03/01/2017 03:00:26 PM Training Loss = 20.759281
03/01/2017 03:00:55 PM Training Accuracy = 0.00000
03/01/2017 03:00:55 PM Training Loss = 10.417618
03/01/2017 03:01:24 PM Training Accuracy = 0.12500
03/01/2017 03:01:24 PM Training Loss = 9.329382
03/01/2017 03:01:53 PM Training Accuracy = 0.00000
03/01/2017 03:01:53 PM Training Loss = 8.489959
03/01/2017 03:02:21 PM Training Accuracy = 0.01562
03/01/2017 03:02:21 PM Training Loss = 7.703703
03/01/2017 03:02:50 PM Training Accuracy = 0.01562
03/01/2017 03:02:50 PM Training Loss = 6.425930
03/01/2017 03:03:20 PM Training Accuracy = 0.00000
03/01/2017 03:03:20 PM Training Loss = 10.865522
03/01/2017 03:03:38 PM Training Accuracy = 0.00000
03/01/2017 03:03:38 PM Training Loss = 5.045340
03/01/2017 03:03:38 PM Epoch 17
03/01/2017 03:04:07 PM Training Accuracy = 0.00000
03/01/2017 03:04:07 PM Training Loss = 8.262947
03/01/2017 03:04:36 PM Training Accuracy = 0.00000
03/01/2017 03:04:36 PM Training Loss = 10.213364
03/01/2017 03:05:05 PM Training Accuracy = 0.00000
03/01/2017 03:05:05 PM Training Loss = 6.879297
03/01/2017 03:05:34 PM Training Accuracy = 0.00000
03/01/2017 03:05:34 PM Training Loss = 16.606873
03/01/2017 03:06:06 PM Training Accuracy = 0.01562
03/01/2017 03:06:06 PM Training Loss = 7.078405
03/01/2017 03:06:37 PM Training Accuracy = 0.00000
03/01/2017 03:06:37 PM Training Loss = 22.523783
03/01/2017 03:07:05 PM Training Accuracy = 0.00000
03/01/2017 03:07:05 PM Training Loss = 13.857872
03/01/2017 03:07:34 PM Training Accuracy = 0.00000
03/01/2017 03:07:34 PM Training Loss = 14.509027
03/01/2017 03:08:03 PM Training Accuracy = 0.00000
03/01/2017 03:08:03 PM Training Loss = 14.960069
03/01/2017 03:08:32 PM Training Accuracy = 0.00000
03/01/2017 03:08:32 PM Training Loss = 9.366005
03/01/2017 03:09:01 PM Training Accuracy = 0.14062
03/01/2017 03:09:01 PM Training Loss = 11.652687
03/01/2017 03:09:29 PM Training Accuracy = 0.00000
03/01/2017 03:09:29 PM Training Loss = 6.547465
03/01/2017 03:09:58 PM Training Accuracy = 0.00000
03/01/2017 03:09:58 PM Training Loss = 14.023361
03/01/2017 03:10:27 PM Training Accuracy = 0.00000
03/01/2017 03:10:27 PM Training Loss = 14.359756
03/01/2017 03:10:55 PM Training Accuracy = 0.00000
03/01/2017 03:10:55 PM Training Loss = 11.551796
03/01/2017 03:11:14 PM Training Accuracy = 0.00000
03/01/2017 03:11:14 PM Training Loss = 9.335309
03/01/2017 03:11:14 PM Epoch 18
03/01/2017 03:11:43 PM Training Accuracy = 0.00000
03/01/2017 03:11:43 PM Training Loss = 12.054987
03/01/2017 03:12:11 PM Training Accuracy = 0.00000
03/01/2017 03:12:11 PM Training Loss = 11.502169
03/01/2017 03:12:40 PM Training Accuracy = 0.01562
03/01/2017 03:12:40 PM Training Loss = 5.716311
03/01/2017 03:13:09 PM Training Accuracy = 0.00000
03/01/2017 03:13:09 PM Training Loss = 10.253529
03/01/2017 03:13:38 PM Training Accuracy = 0.00000
03/01/2017 03:13:38 PM Training Loss = 7.667127
03/01/2017 03:14:09 PM Training Accuracy = 0.00000
03/01/2017 03:14:09 PM Training Loss = 8.045510
03/01/2017 03:14:37 PM Training Accuracy = 0.00000
03/01/2017 03:14:37 PM Training Loss = 12.573736
03/01/2017 03:15:06 PM Training Accuracy = 0.00000
03/01/2017 03:15:06 PM Training Loss = 6.544884
03/01/2017 03:15:35 PM Training Accuracy = 0.00000
03/01/2017 03:15:35 PM Training Loss = 7.955117
03/01/2017 03:16:04 PM Training Accuracy = 0.00000
03/01/2017 03:16:04 PM Training Loss = 13.285131
03/01/2017 03:16:32 PM Training Accuracy = 0.12500
03/01/2017 03:16:32 PM Training Loss = 11.737936
03/01/2017 03:17:01 PM Training Accuracy = 0.00000
03/01/2017 03:17:01 PM Training Loss = 5.538190
03/01/2017 03:17:30 PM Training Accuracy = 0.00000
03/01/2017 03:17:30 PM Training Loss = 7.048823
03/01/2017 03:17:59 PM Training Accuracy = 0.00000
03/01/2017 03:17:59 PM Training Loss = 6.661882
03/01/2017 03:18:28 PM Training Accuracy = 0.00000
03/01/2017 03:18:28 PM Training Loss = 6.403841
03/01/2017 03:18:46 PM Training Accuracy = 0.00000
03/01/2017 03:18:46 PM Training Loss = 13.618083
03/01/2017 03:18:46 PM Epoch 19
03/01/2017 03:19:15 PM Training Accuracy = 0.00000
03/01/2017 03:19:15 PM Training Loss = 6.256556
03/01/2017 03:19:44 PM Training Accuracy = 0.00000
03/01/2017 03:19:44 PM Training Loss = 7.320648
03/01/2017 03:20:12 PM Training Accuracy = 0.00000
03/01/2017 03:20:12 PM Training Loss = 6.106979
03/01/2017 03:20:41 PM Training Accuracy = 0.00000
03/01/2017 03:20:41 PM Training Loss = 7.161559
03/01/2017 03:21:10 PM Training Accuracy = 0.00000
03/01/2017 03:21:10 PM Training Loss = 5.741099
03/01/2017 03:21:39 PM Training Accuracy = 0.00000
03/01/2017 03:21:39 PM Training Loss = 13.574143
03/01/2017 03:22:08 PM Training Accuracy = 0.00000
03/01/2017 03:22:08 PM Training Loss = 5.089080
03/01/2017 03:22:37 PM Training Accuracy = 0.00000
03/01/2017 03:22:37 PM Training Loss = 10.379977
03/01/2017 03:23:06 PM Training Accuracy = 0.00000
03/01/2017 03:23:06 PM Training Loss = 10.973638
03/01/2017 03:23:35 PM Training Accuracy = 0.00000
03/01/2017 03:23:35 PM Training Loss = 9.894476
03/01/2017 03:24:04 PM Training Accuracy = 0.14062
03/01/2017 03:24:04 PM Training Loss = 8.730817
03/01/2017 03:24:32 PM Training Accuracy = 0.00000
03/01/2017 03:24:32 PM Training Loss = 15.138046
03/01/2017 03:25:01 PM Training Accuracy = 0.00000
03/01/2017 03:25:01 PM Training Loss = 5.668478
03/01/2017 03:25:30 PM Training Accuracy = 0.00000
03/01/2017 03:25:30 PM Training Loss = 6.668743
03/01/2017 03:25:59 PM Training Accuracy = 0.00000
03/01/2017 03:25:59 PM Training Loss = 21.954094
03/01/2017 03:26:17 PM Training Accuracy = 0.00000
03/01/2017 03:26:17 PM Training Loss = 8.528883
03/01/2017 03:26:17 PM Epoch 20
03/01/2017 03:26:46 PM Training Accuracy = 0.00000
03/01/2017 03:26:46 PM Training Loss = 12.840961
03/01/2017 03:27:15 PM Training Accuracy = 0.00000
03/01/2017 03:27:15 PM Training Loss = 10.587535
03/01/2017 03:27:43 PM Training Accuracy = 0.00000
03/01/2017 03:27:43 PM Training Loss = 5.880409
03/01/2017 03:28:12 PM Training Accuracy = 0.00000
03/01/2017 03:28:12 PM Training Loss = 7.216977
03/01/2017 03:28:41 PM Training Accuracy = 0.00000
03/01/2017 03:28:41 PM Training Loss = 6.875926
03/01/2017 03:29:10 PM Training Accuracy = 0.00000
03/01/2017 03:29:10 PM Training Loss = 5.649639
03/01/2017 03:29:39 PM Training Accuracy = 0.00000
03/01/2017 03:29:39 PM Training Loss = 6.516588
03/01/2017 03:30:07 PM Training Accuracy = 0.00000
03/01/2017 03:30:07 PM Training Loss = 12.605361
03/01/2017 03:30:36 PM Training Accuracy = 0.00000
03/01/2017 03:30:36 PM Training Loss = 5.134787
03/01/2017 03:31:05 PM Training Accuracy = 0.00000
03/01/2017 03:31:05 PM Training Loss = 9.757348
03/01/2017 03:31:34 PM Training Accuracy = 0.00000
03/01/2017 03:31:34 PM Training Loss = 11.471626
03/01/2017 03:32:03 PM Training Accuracy = 0.00000
03/01/2017 03:32:03 PM Training Loss = 14.634453
03/01/2017 03:32:32 PM Training Accuracy = 0.01562
03/01/2017 03:32:32 PM Training Loss = 7.315286
03/01/2017 03:33:01 PM Training Accuracy = 0.00000
03/01/2017 03:33:01 PM Training Loss = 9.932368
03/01/2017 03:33:29 PM Training Accuracy = 0.00000
03/01/2017 03:33:29 PM Training Loss = 12.016087
03/01/2017 03:33:48 PM Training Accuracy = 0.22500
03/01/2017 03:33:48 PM Training Loss = 8.506479
03/01/2017 03:33:48 PM Epoch 21
03/01/2017 03:34:16 PM Training Accuracy = 0.00000
03/01/2017 03:34:16 PM Training Loss = 11.066891
03/01/2017 03:34:45 PM Training Accuracy = 0.00000
03/01/2017 03:34:45 PM Training Loss = 7.958741
03/01/2017 03:35:14 PM Training Accuracy = 0.00000
03/01/2017 03:35:14 PM Training Loss = 6.427721
03/01/2017 03:35:43 PM Training Accuracy = 0.00000
03/01/2017 03:35:43 PM Training Loss = 4.881819
03/01/2017 03:36:12 PM Training Accuracy = 0.00000
03/01/2017 03:36:12 PM Training Loss = 5.527439
03/01/2017 03:36:42 PM Training Accuracy = 0.00000
03/01/2017 03:36:42 PM Training Loss = 9.556057
03/01/2017 03:37:11 PM Training Accuracy = 0.00000
03/01/2017 03:37:11 PM Training Loss = 12.035135
03/01/2017 03:37:40 PM Training Accuracy = 0.00000
03/01/2017 03:37:40 PM Training Loss = 6.100420
03/01/2017 03:38:09 PM Training Accuracy = 0.00000
03/01/2017 03:38:09 PM Training Loss = 6.633006
03/01/2017 03:38:38 PM Training Accuracy = 0.00000
03/01/2017 03:38:38 PM Training Loss = 5.460228
03/01/2017 03:39:07 PM Training Accuracy = 0.00000
03/01/2017 03:39:07 PM Training Loss = 6.032717
03/01/2017 03:39:38 PM Training Accuracy = 0.00000
03/01/2017 03:39:38 PM Training Loss = 5.607727
03/01/2017 03:40:07 PM Training Accuracy = 0.00000
03/01/2017 03:40:07 PM Training Loss = 9.098461
03/01/2017 03:40:37 PM Training Accuracy = 0.00000
03/01/2017 03:40:37 PM Training Loss = 6.968110
03/01/2017 03:41:06 PM Training Accuracy = 0.00000
03/01/2017 03:41:06 PM Training Loss = 7.813422
03/01/2017 03:41:24 PM Training Accuracy = 0.20000
03/01/2017 03:41:24 PM Training Loss = 13.932295
03/01/2017 03:41:24 PM Epoch 22
03/01/2017 03:41:55 PM Training Accuracy = 0.00000
03/01/2017 03:41:55 PM Training Loss = 15.475460
03/01/2017 03:42:27 PM Training Accuracy = 0.00000
03/01/2017 03:42:27 PM Training Loss = 10.046062
03/01/2017 03:42:56 PM Training Accuracy = 0.00000
03/01/2017 03:42:56 PM Training Loss = 6.251152
03/01/2017 03:43:25 PM Training Accuracy = 0.00000
03/01/2017 03:43:25 PM Training Loss = 6.058520
03/01/2017 03:43:54 PM Training Accuracy = 0.00000
03/01/2017 03:43:54 PM Training Loss = 6.528087
03/01/2017 03:44:24 PM Training Accuracy = 0.00000
03/01/2017 03:44:24 PM Training Loss = 6.220974
03/01/2017 03:44:52 PM Training Accuracy = 0.00000
03/01/2017 03:44:52 PM Training Loss = 5.334527
03/01/2017 03:45:21 PM Training Accuracy = 0.00000
03/01/2017 03:45:21 PM Training Loss = 9.410511
03/01/2017 03:45:50 PM Training Accuracy = 0.00000
03/01/2017 03:45:50 PM Training Loss = 8.615238
03/01/2017 03:46:19 PM Training Accuracy = 0.00000
03/01/2017 03:46:19 PM Training Loss = 7.751176
03/01/2017 03:46:48 PM Training Accuracy = 0.00000
03/01/2017 03:46:48 PM Training Loss = 6.425665
03/01/2017 03:47:16 PM Training Accuracy = 0.00000
03/01/2017 03:47:16 PM Training Loss = 7.416955
03/01/2017 03:47:46 PM Training Accuracy = 0.00000
03/01/2017 03:47:46 PM Training Loss = 5.791052
03/01/2017 03:48:17 PM Training Accuracy = 0.00000
03/01/2017 03:48:17 PM Training Loss = 5.986902
03/01/2017 03:48:46 PM Training Accuracy = 0.00000
03/01/2017 03:48:46 PM Training Loss = 7.193015
03/01/2017 03:49:04 PM Training Accuracy = 0.25000
03/01/2017 03:49:04 PM Training Loss = 4.877409
03/01/2017 03:49:04 PM Epoch 23
03/01/2017 03:49:33 PM Training Accuracy = 0.00000
03/01/2017 03:49:33 PM Training Loss = 5.936134
03/01/2017 03:50:03 PM Training Accuracy = 0.00000
03/01/2017 03:50:03 PM Training Loss = 5.568042
03/01/2017 03:50:32 PM Training Accuracy = 0.00000
03/01/2017 03:50:32 PM Training Loss = 9.445683
03/01/2017 03:51:03 PM Training Accuracy = 0.00000
03/01/2017 03:51:03 PM Training Loss = 9.647088
03/01/2017 03:51:32 PM Training Accuracy = 0.00000
03/01/2017 03:51:32 PM Training Loss = 6.974198
03/01/2017 03:52:01 PM Training Accuracy = 0.00000
03/01/2017 03:52:01 PM Training Loss = 8.736069
03/01/2017 03:52:30 PM Training Accuracy = 0.00000
03/01/2017 03:52:30 PM Training Loss = 6.047453
03/01/2017 03:52:59 PM Training Accuracy = 0.00000
03/01/2017 03:52:59 PM Training Loss = 4.911733
03/01/2017 03:53:28 PM Training Accuracy = 0.00000
03/01/2017 03:53:28 PM Training Loss = 5.156469
03/01/2017 03:53:57 PM Training Accuracy = 0.00000
03/01/2017 03:53:57 PM Training Loss = 11.363281
03/01/2017 03:54:26 PM Training Accuracy = 0.00000
03/01/2017 03:54:26 PM Training Loss = 5.846945
03/01/2017 03:54:55 PM Training Accuracy = 0.00000
03/01/2017 03:54:55 PM Training Loss = 7.410812
03/01/2017 03:55:24 PM Training Accuracy = 0.01562
03/01/2017 03:55:24 PM Training Loss = 7.409696
03/01/2017 03:55:53 PM Training Accuracy = 0.00000
03/01/2017 03:55:53 PM Training Loss = 8.194014
03/01/2017 03:56:22 PM Training Accuracy = 0.00000
03/01/2017 03:56:22 PM Training Loss = 4.992113
03/01/2017 03:56:40 PM Training Accuracy = 0.25000
03/01/2017 03:56:40 PM Training Loss = 4.462403
03/01/2017 03:56:40 PM Epoch 24
03/01/2017 03:57:09 PM Training Accuracy = 0.00000
03/01/2017 03:57:09 PM Training Loss = 7.353337
03/01/2017 03:57:38 PM Training Accuracy = 0.00000
03/01/2017 03:57:38 PM Training Loss = 5.236974
03/01/2017 03:58:07 PM Training Accuracy = 0.01562
03/01/2017 03:58:07 PM Training Loss = 9.107306
03/01/2017 03:58:36 PM Training Accuracy = 0.00000
03/01/2017 03:58:36 PM Training Loss = 6.374466
03/01/2017 03:59:05 PM Training Accuracy = 0.00000
03/01/2017 03:59:05 PM Training Loss = 8.078555
03/01/2017 03:59:34 PM Training Accuracy = 0.00000
03/01/2017 03:59:34 PM Training Loss = 10.857040
03/01/2017 04:00:04 PM Training Accuracy = 0.00000
03/01/2017 04:00:04 PM Training Loss = 7.311241
03/01/2017 04:00:33 PM Training Accuracy = 0.00000
03/01/2017 04:00:33 PM Training Loss = 6.310957
03/01/2017 04:01:05 PM Training Accuracy = 0.00000
03/01/2017 04:01:05 PM Training Loss = 7.627517
03/01/2017 04:01:35 PM Training Accuracy = 0.00000
03/01/2017 04:01:35 PM Training Loss = 6.454175
03/01/2017 04:02:04 PM Training Accuracy = 0.00000
03/01/2017 04:02:04 PM Training Loss = 8.303489
03/01/2017 04:02:33 PM Training Accuracy = 0.00000
03/01/2017 04:02:33 PM Training Loss = 9.986372
03/01/2017 04:03:02 PM Training Accuracy = 0.00000
03/01/2017 04:03:02 PM Training Loss = 9.113598
03/01/2017 04:03:31 PM Training Accuracy = 0.00000
03/01/2017 04:03:31 PM Training Loss = 9.454355
03/01/2017 04:04:00 PM Training Accuracy = 0.00000
03/01/2017 04:04:00 PM Training Loss = 10.992222
03/01/2017 04:04:19 PM Training Accuracy = 0.20000
03/01/2017 04:04:19 PM Training Loss = 6.459424
03/01/2017 04:04:19 PM Epoch 25
03/01/2017 04:04:49 PM Training Accuracy = 0.00000
03/01/2017 04:04:49 PM Training Loss = 5.504871
03/01/2017 04:05:19 PM Training Accuracy = 0.00000
03/01/2017 04:05:19 PM Training Loss = 7.294326
03/01/2017 04:05:49 PM Training Accuracy = 0.00000
03/01/2017 04:05:49 PM Training Loss = 7.726449
03/01/2017 04:06:19 PM Training Accuracy = 0.00000
03/01/2017 04:06:19 PM Training Loss = 8.606226
03/01/2017 04:06:50 PM Training Accuracy = 0.00000
03/01/2017 04:06:50 PM Training Loss = 5.971121
03/01/2017 04:07:20 PM Training Accuracy = 0.00000
03/01/2017 04:07:20 PM Training Loss = 6.806841
03/01/2017 04:07:49 PM Training Accuracy = 0.00000
03/01/2017 04:07:49 PM Training Loss = 9.614502
03/01/2017 04:08:20 PM Training Accuracy = 0.00000
03/01/2017 04:08:20 PM Training Loss = 8.469526
03/01/2017 04:08:49 PM Training Accuracy = 0.00000
03/01/2017 04:08:49 PM Training Loss = 7.097786
03/01/2017 04:09:20 PM Training Accuracy = 0.00000
03/01/2017 04:09:20 PM Training Loss = 6.422090
03/01/2017 04:09:50 PM Training Accuracy = 0.01562
03/01/2017 04:09:50 PM Training Loss = 5.122492
03/01/2017 04:10:19 PM Training Accuracy = 0.01562
03/01/2017 04:10:19 PM Training Loss = 10.870837
03/01/2017 04:10:48 PM Training Accuracy = 0.00000
03/01/2017 04:10:48 PM Training Loss = 4.721045
03/01/2017 04:11:17 PM Training Accuracy = 0.00000
03/01/2017 04:11:17 PM Training Loss = 7.626828
03/01/2017 04:11:47 PM Training Accuracy = 0.00000
03/01/2017 04:11:47 PM Training Loss = 4.649835
03/01/2017 04:12:06 PM Training Accuracy = 0.22500
03/01/2017 04:12:06 PM Training Loss = 7.919868
03/01/2017 04:12:06 PM Epoch 26
03/01/2017 04:12:35 PM Training Accuracy = 0.00000
03/01/2017 04:12:35 PM Training Loss = 6.862516
03/01/2017 04:13:04 PM Training Accuracy = 0.00000
03/01/2017 04:13:04 PM Training Loss = 7.384336
03/01/2017 04:13:33 PM Training Accuracy = 0.00000
03/01/2017 04:13:33 PM Training Loss = 4.603387
03/01/2017 04:14:04 PM Training Accuracy = 0.00000
03/01/2017 04:14:04 PM Training Loss = 5.872482
03/01/2017 04:14:34 PM Training Accuracy = 0.00000
03/01/2017 04:14:34 PM Training Loss = 8.476010
03/01/2017 04:15:04 PM Training Accuracy = 0.00000
03/01/2017 04:15:04 PM Training Loss = 11.826591
03/01/2017 04:15:33 PM Training Accuracy = 0.00000
03/01/2017 04:15:33 PM Training Loss = 5.293986
03/01/2017 04:16:03 PM Training Accuracy = 0.00000
03/01/2017 04:16:03 PM Training Loss = 10.624286
03/01/2017 04:16:32 PM Training Accuracy = 0.00000
03/01/2017 04:16:32 PM Training Loss = 6.621509
03/01/2017 04:17:00 PM Training Accuracy = 0.00000
03/01/2017 04:17:00 PM Training Loss = 6.325157
03/01/2017 04:17:30 PM Training Accuracy = 0.00000
03/01/2017 04:17:30 PM Training Loss = 5.377156
03/01/2017 04:18:01 PM Training Accuracy = 0.00000
03/01/2017 04:18:01 PM Training Loss = 12.061991
03/01/2017 04:18:31 PM Training Accuracy = 0.00000
03/01/2017 04:18:31 PM Training Loss = 8.826304
03/01/2017 04:19:00 PM Training Accuracy = 0.00000
03/01/2017 04:19:00 PM Training Loss = 5.237044
03/01/2017 04:19:29 PM Training Accuracy = 0.00000
03/01/2017 04:19:29 PM Training Loss = 5.536045
03/01/2017 04:19:48 PM Training Accuracy = 0.20000
03/01/2017 04:19:48 PM Training Loss = 4.978521
03/01/2017 04:19:48 PM Epoch 27
03/01/2017 04:20:16 PM Training Accuracy = 0.00000
03/01/2017 04:20:16 PM Training Loss = 4.603848
03/01/2017 04:20:45 PM Training Accuracy = 0.00000
03/01/2017 04:20:45 PM Training Loss = 7.036990
03/01/2017 04:21:14 PM Training Accuracy = 0.00000
03/01/2017 04:21:14 PM Training Loss = 4.624977
03/01/2017 04:21:43 PM Training Accuracy = 0.00000
03/01/2017 04:21:43 PM Training Loss = 6.754153
03/01/2017 04:22:12 PM Training Accuracy = 0.00000
03/01/2017 04:22:12 PM Training Loss = 7.133265
03/01/2017 04:22:41 PM Training Accuracy = 0.00000
03/01/2017 04:22:41 PM Training Loss = 6.662359
03/01/2017 04:23:11 PM Training Accuracy = 0.01562
03/01/2017 04:23:11 PM Training Loss = 13.344000
03/01/2017 04:23:42 PM Training Accuracy = 0.00000
03/01/2017 04:23:42 PM Training Loss = 7.496458
03/01/2017 04:24:11 PM Training Accuracy = 0.00000
03/01/2017 04:24:11 PM Training Loss = 6.632070
03/01/2017 04:24:40 PM Training Accuracy = 0.00000
03/01/2017 04:24:40 PM Training Loss = 5.485143
03/01/2017 04:25:12 PM Training Accuracy = 0.00000
03/01/2017 04:25:12 PM Training Loss = 8.602084
03/01/2017 04:25:41 PM Training Accuracy = 0.00000
03/01/2017 04:25:41 PM Training Loss = 11.345261
03/01/2017 04:26:10 PM Training Accuracy = 0.00000
03/01/2017 04:26:10 PM Training Loss = 8.333448
03/01/2017 04:26:38 PM Training Accuracy = 0.00000
03/01/2017 04:26:38 PM Training Loss = 5.411104
03/01/2017 04:27:07 PM Training Accuracy = 0.00000
03/01/2017 04:27:07 PM Training Loss = 6.246341
03/01/2017 04:27:25 PM Training Accuracy = 0.20000
03/01/2017 04:27:25 PM Training Loss = 8.266004
03/01/2017 04:27:25 PM Epoch 28
03/01/2017 04:27:53 PM Training Accuracy = 0.00000
03/01/2017 04:27:53 PM Training Loss = 5.907881
03/01/2017 04:28:22 PM Training Accuracy = 0.00000
03/01/2017 04:28:22 PM Training Loss = 7.831944
03/01/2017 04:28:50 PM Training Accuracy = 0.01562
03/01/2017 04:28:50 PM Training Loss = 7.049708
03/01/2017 04:29:19 PM Training Accuracy = 0.00000
03/01/2017 04:29:19 PM Training Loss = 7.374654
03/01/2017 04:29:47 PM Training Accuracy = 0.00000
03/01/2017 04:29:47 PM Training Loss = 4.984267
03/01/2017 04:30:16 PM Training Accuracy = 0.00000
03/01/2017 04:30:16 PM Training Loss = 5.395231
03/01/2017 04:30:45 PM Training Accuracy = 0.00000
03/01/2017 04:30:45 PM Training Loss = 7.121658
03/01/2017 04:31:13 PM Training Accuracy = 0.00000
03/01/2017 04:31:13 PM Training Loss = 6.673529
03/01/2017 04:31:42 PM Training Accuracy = 0.00000
03/01/2017 04:31:42 PM Training Loss = 9.168594
03/01/2017 04:32:10 PM Training Accuracy = 0.00000
03/01/2017 04:32:10 PM Training Loss = 8.630722
03/01/2017 04:32:39 PM Training Accuracy = 0.00000
03/01/2017 04:32:39 PM Training Loss = 8.277617
03/01/2017 04:33:08 PM Training Accuracy = 0.00000
03/01/2017 04:33:08 PM Training Loss = 7.887229
03/01/2017 04:33:37 PM Training Accuracy = 0.00000
03/01/2017 04:33:37 PM Training Loss = 4.887368
03/01/2017 04:34:05 PM Training Accuracy = 0.00000
03/01/2017 04:34:05 PM Training Loss = 6.838433
03/01/2017 04:34:34 PM Training Accuracy = 0.00000
03/01/2017 04:34:34 PM Training Loss = 10.559635
03/01/2017 04:34:51 PM Training Accuracy = 0.25000
03/01/2017 04:34:51 PM Training Loss = 6.598254
03/01/2017 04:34:51 PM Epoch 29
03/01/2017 04:35:22 PM Training Accuracy = 0.00000
03/01/2017 04:35:22 PM Training Loss = 4.606124
03/01/2017 04:35:53 PM Training Accuracy = 0.00000
03/01/2017 04:35:53 PM Training Loss = 5.610950
03/01/2017 04:36:23 PM Training Accuracy = 0.00000
03/01/2017 04:36:23 PM Training Loss = 7.479648
03/01/2017 04:36:55 PM Training Accuracy = 0.00000
03/01/2017 04:36:55 PM Training Loss = 7.255724
03/01/2017 04:37:25 PM Training Accuracy = 0.00000
03/01/2017 04:37:25 PM Training Loss = 4.575130
03/01/2017 04:37:55 PM Training Accuracy = 0.00000
03/01/2017 04:37:55 PM Training Loss = 8.162026
03/01/2017 04:38:24 PM Training Accuracy = 0.00000
03/01/2017 04:38:24 PM Training Loss = 5.716420
03/01/2017 04:38:55 PM Training Accuracy = 0.00000
03/01/2017 04:38:55 PM Training Loss = 7.379646
03/01/2017 04:39:24 PM Training Accuracy = 0.00000
03/01/2017 04:39:24 PM Training Loss = 7.843677
03/01/2017 04:39:53 PM Training Accuracy = 0.00000
03/01/2017 04:39:53 PM Training Loss = 5.376169
03/01/2017 04:40:21 PM Training Accuracy = 0.01562
03/01/2017 04:40:21 PM Training Loss = 6.969126
03/01/2017 04:40:55 PM Training Accuracy = 0.00000
03/01/2017 04:40:55 PM Training Loss = 7.874981
03/01/2017 04:41:25 PM Training Accuracy = 0.00000
03/01/2017 04:41:25 PM Training Loss = 6.583289
03/01/2017 04:41:55 PM Training Accuracy = 0.00000
03/01/2017 04:41:55 PM Training Loss = 4.641438
03/01/2017 04:42:24 PM Training Accuracy = 0.00000
03/01/2017 04:42:24 PM Training Loss = 14.517124
03/01/2017 04:42:42 PM Training Accuracy = 0.22500
03/01/2017 04:42:42 PM Training Loss = 4.514279
03/01/2017 04:42:42 PM Epoch 30
03/01/2017 04:43:13 PM Training Accuracy = 0.00000
03/01/2017 04:43:13 PM Training Loss = 9.241927
03/01/2017 04:43:43 PM Training Accuracy = 0.00000
03/01/2017 04:43:43 PM Training Loss = 8.448814
03/01/2017 04:44:15 PM Training Accuracy = 0.00000
03/01/2017 04:44:15 PM Training Loss = 5.774871
03/01/2017 04:44:45 PM Training Accuracy = 0.00000
03/01/2017 04:44:45 PM Training Loss = 6.828587
03/01/2017 04:45:15 PM Training Accuracy = 0.00000
03/01/2017 04:45:15 PM Training Loss = 5.163189
03/01/2017 04:45:45 PM Training Accuracy = 0.00000
03/01/2017 04:45:45 PM Training Loss = 6.866269
03/01/2017 04:46:15 PM Training Accuracy = 0.00000
03/01/2017 04:46:15 PM Training Loss = 9.699759
03/01/2017 04:46:45 PM Training Accuracy = 0.00000
03/01/2017 04:46:45 PM Training Loss = 4.600149
03/01/2017 04:47:14 PM Training Accuracy = 0.00000
03/01/2017 04:47:14 PM Training Loss = 7.501640
03/01/2017 04:47:43 PM Training Accuracy = 0.00000
03/01/2017 04:47:43 PM Training Loss = 8.017267
03/01/2017 04:48:11 PM Training Accuracy = 0.00000
03/01/2017 04:48:11 PM Training Loss = 5.579244
03/01/2017 04:48:40 PM Training Accuracy = 0.00000
03/01/2017 04:48:40 PM Training Loss = 5.861290
03/01/2017 04:49:09 PM Training Accuracy = 0.00000
03/01/2017 04:49:09 PM Training Loss = 4.671363
03/01/2017 04:49:38 PM Training Accuracy = 0.00000
03/01/2017 04:49:38 PM Training Loss = 5.482602
03/01/2017 04:50:08 PM Training Accuracy = 0.00000
03/01/2017 04:50:08 PM Training Loss = 6.080601
03/01/2017 04:50:27 PM Training Accuracy = 0.25000
03/01/2017 04:50:27 PM Training Loss = 4.370826
03/01/2017 04:50:27 PM Epoch 31
03/01/2017 04:50:56 PM Training Accuracy = 0.00000
03/01/2017 04:50:56 PM Training Loss = 8.353318
03/01/2017 04:51:24 PM Training Accuracy = 0.00000
03/01/2017 04:51:24 PM Training Loss = 7.864124
03/01/2017 04:51:53 PM Training Accuracy = 0.01562
03/01/2017 04:51:53 PM Training Loss = 7.767610
03/01/2017 04:52:22 PM Training Accuracy = 0.00000
03/01/2017 04:52:22 PM Training Loss = 5.472089
03/01/2017 04:52:52 PM Training Accuracy = 0.00000
03/01/2017 04:52:52 PM Training Loss = 6.776116
03/01/2017 04:53:21 PM Training Accuracy = 0.00000
03/01/2017 04:53:21 PM Training Loss = 4.824830
03/01/2017 04:53:50 PM Training Accuracy = 0.00000
03/01/2017 04:53:50 PM Training Loss = 7.983542
03/01/2017 04:54:19 PM Training Accuracy = 0.00000
03/01/2017 04:54:19 PM Training Loss = 8.850030
03/01/2017 04:54:48 PM Training Accuracy = 0.00000
03/01/2017 04:54:48 PM Training Loss = 10.037214
03/01/2017 04:55:17 PM Training Accuracy = 0.00000
03/01/2017 04:55:17 PM Training Loss = 9.650398
03/01/2017 04:55:46 PM Training Accuracy = 0.00000
03/01/2017 04:55:46 PM Training Loss = 5.397419
03/01/2017 04:56:15 PM Training Accuracy = 0.00000
03/01/2017 04:56:15 PM Training Loss = 5.303398
03/01/2017 04:56:43 PM Training Accuracy = 0.00000
03/01/2017 04:56:43 PM Training Loss = 5.449431
03/01/2017 04:57:12 PM Training Accuracy = 0.00000
03/01/2017 04:57:12 PM Training Loss = 7.369414
03/01/2017 04:57:41 PM Training Accuracy = 0.00000
03/01/2017 04:57:41 PM Training Loss = 8.741273
03/01/2017 04:58:00 PM Training Accuracy = 0.25000
03/01/2017 04:58:00 PM Training Loss = 4.362935
03/01/2017 04:58:00 PM Epoch 32
03/01/2017 04:58:28 PM Training Accuracy = 0.00000
03/01/2017 04:58:28 PM Training Loss = 4.692688
03/01/2017 04:58:58 PM Training Accuracy = 0.00000
03/01/2017 04:58:58 PM Training Loss = 5.215456
03/01/2017 04:59:28 PM Training Accuracy = 0.00000
03/01/2017 04:59:28 PM Training Loss = 7.289464
03/01/2017 04:59:58 PM Training Accuracy = 0.00000
03/01/2017 04:59:58 PM Training Loss = 6.827593
03/01/2017 05:00:27 PM Training Accuracy = 0.00000
03/01/2017 05:00:27 PM Training Loss = 7.711746
03/01/2017 05:00:56 PM Training Accuracy = 0.00000
03/01/2017 05:00:56 PM Training Loss = 6.705693
03/01/2017 05:01:24 PM Training Accuracy = 0.00000
03/01/2017 05:01:24 PM Training Loss = 4.607441
03/01/2017 05:01:53 PM Training Accuracy = 0.00000
03/01/2017 05:01:53 PM Training Loss = 7.147135
03/01/2017 05:02:22 PM Training Accuracy = 0.00000
03/01/2017 05:02:22 PM Training Loss = 5.173553
03/01/2017 05:02:51 PM Training Accuracy = 0.00000
03/01/2017 05:02:51 PM Training Loss = 6.478592
03/01/2017 05:03:19 PM Training Accuracy = 0.00000
03/01/2017 05:03:19 PM Training Loss = 5.501197
03/01/2017 05:03:48 PM Training Accuracy = 0.00000
03/01/2017 05:03:48 PM Training Loss = 6.712850
03/01/2017 05:04:16 PM Training Accuracy = 0.00000
03/01/2017 05:04:16 PM Training Loss = 7.035645
03/01/2017 05:04:45 PM Training Accuracy = 0.00000
03/01/2017 05:04:45 PM Training Loss = 9.084930
03/01/2017 05:05:15 PM Training Accuracy = 0.00000
03/01/2017 05:05:15 PM Training Loss = 8.531758
03/01/2017 05:05:33 PM Training Accuracy = 0.20000
03/01/2017 05:05:33 PM Training Loss = 5.688060
03/01/2017 05:05:33 PM Epoch 33
03/01/2017 05:06:02 PM Training Accuracy = 0.00000
03/01/2017 05:06:02 PM Training Loss = 6.873957
03/01/2017 05:06:31 PM Training Accuracy = 0.00000
03/01/2017 05:06:31 PM Training Loss = 4.691704
03/01/2017 05:06:59 PM Training Accuracy = 0.00000
03/01/2017 05:06:59 PM Training Loss = 9.827267
03/01/2017 05:07:28 PM Training Accuracy = 0.00000
03/01/2017 05:07:28 PM Training Loss = 5.555246
03/01/2017 05:07:57 PM Training Accuracy = 0.00000
03/01/2017 05:07:57 PM Training Loss = 7.217711
03/01/2017 05:08:25 PM Training Accuracy = 0.00000
03/01/2017 05:08:25 PM Training Loss = 6.098219
03/01/2017 05:08:54 PM Training Accuracy = 0.00000
03/01/2017 05:08:54 PM Training Loss = 9.504972
03/01/2017 05:09:22 PM Training Accuracy = 0.00000
03/01/2017 05:09:22 PM Training Loss = 5.215544
03/01/2017 05:09:51 PM Training Accuracy = 0.00000
03/01/2017 05:09:51 PM Training Loss = 6.921785
03/01/2017 05:10:20 PM Training Accuracy = 0.00000
03/01/2017 05:10:20 PM Training Loss = 4.721799
03/01/2017 05:10:48 PM Training Accuracy = 0.00000
03/01/2017 05:10:48 PM Training Loss = 4.620856
03/01/2017 05:11:17 PM Training Accuracy = 0.01562
03/01/2017 05:11:17 PM Training Loss = 7.580964
03/01/2017 05:11:46 PM Training Accuracy = 0.01562
03/01/2017 05:11:46 PM Training Loss = 6.154007
03/01/2017 05:12:16 PM Training Accuracy = 0.00000
03/01/2017 05:12:16 PM Training Loss = 6.373420
03/01/2017 05:12:44 PM Training Accuracy = 0.00000
03/01/2017 05:12:44 PM Training Loss = 4.645648
03/01/2017 05:13:02 PM Training Accuracy = 0.25000
03/01/2017 05:13:02 PM Training Loss = 4.346952
03/01/2017 05:13:02 PM Epoch 34
03/01/2017 05:13:31 PM Training Accuracy = 0.00000
03/01/2017 05:13:31 PM Training Loss = 10.826740
03/01/2017 05:14:00 PM Training Accuracy = 0.00000
03/01/2017 05:14:00 PM Training Loss = 5.034158
03/01/2017 05:14:28 PM Training Accuracy = 0.00000
03/01/2017 05:14:28 PM Training Loss = 6.470366
03/01/2017 05:14:58 PM Training Accuracy = 0.00000
03/01/2017 05:14:58 PM Training Loss = 5.542857
03/01/2017 05:15:31 PM Training Accuracy = 0.00000
03/01/2017 05:15:31 PM Training Loss = 4.916793
03/01/2017 05:16:02 PM Training Accuracy = 0.00000
03/01/2017 05:16:02 PM Training Loss = 9.369947
03/01/2017 05:16:32 PM Training Accuracy = 0.00000
03/01/2017 05:16:32 PM Training Loss = 7.423485
03/01/2017 05:17:00 PM Training Accuracy = 0.00000
03/01/2017 05:17:00 PM Training Loss = 7.459577
03/01/2017 05:17:30 PM Training Accuracy = 0.00000
03/01/2017 05:17:30 PM Training Loss = 6.672420
03/01/2017 05:17:59 PM Training Accuracy = 0.00000
03/01/2017 05:17:59 PM Training Loss = 6.871825
03/01/2017 05:18:28 PM Training Accuracy = 0.00000
03/01/2017 05:18:28 PM Training Loss = 5.390712
03/01/2017 05:18:58 PM Training Accuracy = 0.00000
03/01/2017 05:18:58 PM Training Loss = 5.602650
03/01/2017 05:19:35 PM Training Accuracy = 0.00000
03/01/2017 05:19:35 PM Training Loss = 4.732464
03/01/2017 05:20:05 PM Training Accuracy = 0.00000
03/01/2017 05:20:05 PM Training Loss = 4.639041
03/01/2017 05:20:36 PM Training Accuracy = 0.00000
03/01/2017 05:20:36 PM Training Loss = 7.120904
03/01/2017 05:20:56 PM Training Accuracy = 0.25000
03/01/2017 05:20:56 PM Training Loss = 4.340654
03/01/2017 05:20:56 PM Epoch 35
03/01/2017 05:21:26 PM Training Accuracy = 0.00000
03/01/2017 05:21:26 PM Training Loss = 4.713259
03/01/2017 05:21:56 PM Training Accuracy = 0.01562
03/01/2017 05:21:56 PM Training Loss = 4.594132
03/01/2017 05:22:25 PM Training Accuracy = 0.00000
03/01/2017 05:22:25 PM Training Loss = 6.447644
03/01/2017 05:22:55 PM Training Accuracy = 0.00000
03/01/2017 05:22:55 PM Training Loss = 7.304062
03/01/2017 05:23:26 PM Training Accuracy = 0.00000
03/01/2017 05:23:26 PM Training Loss = 4.587661
03/01/2017 05:23:56 PM Training Accuracy = 0.00000
03/01/2017 05:23:56 PM Training Loss = 4.818567
03/01/2017 05:24:25 PM Training Accuracy = 0.00000
03/01/2017 05:24:25 PM Training Loss = 7.125217
03/01/2017 05:24:55 PM Training Accuracy = 0.00000
03/01/2017 05:24:55 PM Training Loss = 5.561281
03/01/2017 05:25:24 PM Training Accuracy = 0.00000
03/01/2017 05:25:24 PM Training Loss = 4.638463
03/01/2017 05:25:53 PM Training Accuracy = 0.00000
03/01/2017 05:25:53 PM Training Loss = 5.586266
03/01/2017 05:26:23 PM Training Accuracy = 0.00000
03/01/2017 05:26:23 PM Training Loss = 5.238616
03/01/2017 05:26:52 PM Training Accuracy = 0.00000
03/01/2017 05:26:52 PM Training Loss = 7.954881
03/01/2017 05:27:24 PM Training Accuracy = 0.00000
03/01/2017 05:27:24 PM Training Loss = 4.722785
03/01/2017 05:27:53 PM Training Accuracy = 0.00000
03/01/2017 05:27:53 PM Training Loss = 9.172646
03/01/2017 05:28:25 PM Training Accuracy = 0.00000
03/01/2017 05:28:25 PM Training Loss = 7.702093
03/01/2017 05:28:44 PM Training Accuracy = 0.25000
03/01/2017 05:28:44 PM Training Loss = 4.416678
03/01/2017 05:28:44 PM Epoch 36
03/01/2017 05:29:14 PM Training Accuracy = 0.00000
03/01/2017 05:29:14 PM Training Loss = 7.940057
03/01/2017 05:29:44 PM Training Accuracy = 0.00000
03/01/2017 05:29:44 PM Training Loss = 6.278724
03/01/2017 05:30:14 PM Training Accuracy = 0.00000
03/01/2017 05:30:14 PM Training Loss = 6.376366
03/01/2017 05:30:43 PM Training Accuracy = 0.00000
03/01/2017 05:30:43 PM Training Loss = 5.177736
03/01/2017 05:31:11 PM Training Accuracy = 0.00000
03/01/2017 05:31:11 PM Training Loss = 5.000283
03/01/2017 05:31:40 PM Training Accuracy = 0.00000
03/01/2017 05:31:40 PM Training Loss = 4.678525
03/01/2017 05:32:08 PM Training Accuracy = 0.00000
03/01/2017 05:32:08 PM Training Loss = 5.956197
03/01/2017 05:32:37 PM Training Accuracy = 0.00000
03/01/2017 05:32:37 PM Training Loss = 4.973907
03/01/2017 05:33:06 PM Training Accuracy = 0.00000
03/01/2017 05:33:06 PM Training Loss = 4.985709
03/01/2017 05:33:34 PM Training Accuracy = 0.00000
03/01/2017 05:33:34 PM Training Loss = 4.894519
03/01/2017 05:34:03 PM Training Accuracy = 0.00000
03/01/2017 05:34:03 PM Training Loss = 5.308596
03/01/2017 05:34:31 PM Training Accuracy = 0.00000
03/01/2017 05:34:31 PM Training Loss = 6.312475
03/01/2017 05:35:00 PM Training Accuracy = 0.00000
03/01/2017 05:35:00 PM Training Loss = 5.261757
03/01/2017 05:35:29 PM Training Accuracy = 0.00000
03/01/2017 05:35:29 PM Training Loss = 5.837986
03/01/2017 05:35:57 PM Training Accuracy = 0.00000
03/01/2017 05:35:57 PM Training Loss = 6.806913
03/01/2017 05:36:15 PM Training Accuracy = 0.25000
03/01/2017 05:36:15 PM Training Loss = 5.041708
03/01/2017 05:36:15 PM Epoch 37
03/01/2017 05:36:44 PM Training Accuracy = 0.00000
03/01/2017 05:36:44 PM Training Loss = 4.604323
03/01/2017 05:37:12 PM Training Accuracy = 0.00000
03/01/2017 05:37:12 PM Training Loss = 4.664886
03/01/2017 05:37:41 PM Training Accuracy = 0.00000
03/01/2017 05:37:41 PM Training Loss = 5.053967
03/01/2017 05:38:10 PM Training Accuracy = 0.00000
03/01/2017 05:38:10 PM Training Loss = 8.905367
03/01/2017 05:38:39 PM Training Accuracy = 0.00000
03/01/2017 05:38:39 PM Training Loss = 5.394565
03/01/2017 05:39:07 PM Training Accuracy = 0.00000
03/01/2017 05:39:07 PM Training Loss = 8.095455
03/01/2017 05:39:36 PM Training Accuracy = 0.00000
03/01/2017 05:39:36 PM Training Loss = 5.201767
03/01/2017 05:40:04 PM Training Accuracy = 0.00000
03/01/2017 05:40:04 PM Training Loss = 6.146794
03/01/2017 05:40:33 PM Training Accuracy = 0.00000
03/01/2017 05:40:33 PM Training Loss = 5.060499
03/01/2017 05:41:02 PM Training Accuracy = 0.00000
03/01/2017 05:41:02 PM Training Loss = 4.618263
03/01/2017 05:41:31 PM Training Accuracy = 0.00000
03/01/2017 05:41:31 PM Training Loss = 5.016857
03/01/2017 05:42:01 PM Training Accuracy = 0.00000
03/01/2017 05:42:01 PM Training Loss = 5.838839
03/01/2017 05:42:35 PM Training Accuracy = 0.00000
03/01/2017 05:42:35 PM Training Loss = 6.721219
03/01/2017 05:43:12 PM Training Accuracy = 0.00000
03/01/2017 05:43:12 PM Training Loss = 6.909088
03/01/2017 05:43:45 PM Training Accuracy = 0.00000
03/01/2017 05:43:45 PM Training Loss = 10.405799
03/01/2017 05:44:04 PM Training Accuracy = 0.25000
03/01/2017 05:44:04 PM Training Loss = 7.121303
03/01/2017 05:44:04 PM Epoch 38
03/01/2017 05:44:35 PM Training Accuracy = 0.00000
03/01/2017 05:44:35 PM Training Loss = 6.029299
03/01/2017 05:45:06 PM Training Accuracy = 0.00000
03/01/2017 05:45:06 PM Training Loss = 4.663835
03/01/2017 05:45:38 PM Training Accuracy = 0.00000
03/01/2017 05:45:38 PM Training Loss = 5.303309
03/01/2017 05:46:08 PM Training Accuracy = 0.00000
03/01/2017 05:46:08 PM Training Loss = 4.639512
03/01/2017 05:46:38 PM Training Accuracy = 0.00000
03/01/2017 05:46:38 PM Training Loss = 4.612730
03/01/2017 05:47:09 PM Training Accuracy = 0.00000
03/01/2017 05:47:09 PM Training Loss = 4.638211
03/01/2017 05:47:38 PM Training Accuracy = 0.00000
03/01/2017 05:47:38 PM Training Loss = 5.783799
03/01/2017 05:48:07 PM Training Accuracy = 0.00000
03/01/2017 05:48:07 PM Training Loss = 4.978225
03/01/2017 05:48:35 PM Training Accuracy = 0.00000
03/01/2017 05:48:35 PM Training Loss = 6.191705
03/01/2017 05:49:04 PM Training Accuracy = 0.00000
03/01/2017 05:49:04 PM Training Loss = 5.667000
03/01/2017 05:49:32 PM Training Accuracy = 0.00000
03/01/2017 05:49:32 PM Training Loss = 5.912304
03/01/2017 05:50:00 PM Training Accuracy = 0.00000
03/01/2017 05:50:00 PM Training Loss = 4.937025
03/01/2017 05:50:29 PM Training Accuracy = 0.00000
03/01/2017 05:50:29 PM Training Loss = 5.552216
03/01/2017 05:50:57 PM Training Accuracy = 0.00000
03/01/2017 05:50:57 PM Training Loss = 6.851378
03/01/2017 05:51:25 PM Training Accuracy = 0.00000
03/01/2017 05:51:25 PM Training Loss = 4.642242
03/01/2017 05:51:43 PM Training Accuracy = 0.22500
03/01/2017 05:51:43 PM Training Loss = 4.885751
03/01/2017 05:51:43 PM Epoch 39
03/01/2017 05:52:11 PM Training Accuracy = 0.00000
03/01/2017 05:52:11 PM Training Loss = 10.876800
03/01/2017 05:52:40 PM Training Accuracy = 0.00000
03/01/2017 05:52:40 PM Training Loss = 5.129280
03/01/2017 05:53:08 PM Training Accuracy = 0.00000
03/01/2017 05:53:08 PM Training Loss = 5.568925
03/01/2017 05:53:38 PM Training Accuracy = 0.00000
03/01/2017 05:53:38 PM Training Loss = 4.675294
03/01/2017 05:54:07 PM Training Accuracy = 0.00000
03/01/2017 05:54:07 PM Training Loss = 4.887893
03/01/2017 05:54:36 PM Training Accuracy = 0.00000
03/01/2017 05:54:36 PM Training Loss = 6.619894
03/01/2017 05:55:06 PM Training Accuracy = 0.00000
03/01/2017 05:55:06 PM Training Loss = 4.714874
03/01/2017 05:55:34 PM Training Accuracy = 0.00000
03/01/2017 05:55:34 PM Training Loss = 4.730032
03/01/2017 05:56:04 PM Training Accuracy = 0.00000
03/01/2017 05:56:04 PM Training Loss = 5.218026
03/01/2017 05:56:32 PM Training Accuracy = 0.00000
03/01/2017 05:56:32 PM Training Loss = 5.386600
03/01/2017 05:57:02 PM Training Accuracy = 0.00000
03/01/2017 05:57:02 PM Training Loss = 4.616650
03/01/2017 05:57:31 PM Training Accuracy = 0.00000
03/01/2017 05:57:31 PM Training Loss = 4.869823
03/01/2017 05:57:59 PM Training Accuracy = 0.00000
03/01/2017 05:57:59 PM Training Loss = 4.776713
03/01/2017 05:58:29 PM Training Accuracy = 0.00000
03/01/2017 05:58:29 PM Training Loss = 5.282049
03/01/2017 05:58:58 PM Training Accuracy = 0.00000
03/01/2017 05:58:58 PM Training Loss = 4.641666
03/01/2017 05:59:16 PM Training Accuracy = 0.25000
03/01/2017 05:59:16 PM Training Loss = 5.946804
03/01/2017 05:59:30 PM Test accuracy: 0.00000
03/01/2017 05:59:39 PM Test accuracy: 0.00000
03/01/2017 05:59:49 PM Test accuracy: 0.00000
